Arguments: 
  /usr/local/bin/node /usr/local/Cellar/yarn/1.13.0/libexec/bin/yarn.js

PATH: 
  /usr/local/bin:/usr/bin:/bin:/usr/sbin:/sbin:/Library/Apple/usr/bin:/Library/Apple/bin:/usr/local/share/dotnet:/opt/X11/bin:~/.dotnet/tools:/Library/Frameworks/Mono.framework/Versions/Current/Commands

Yarn version: 
  1.13.0

Node version: 
  10.16.3

Platform: 
  darwin x64

Trace: 
  SyntaxError: /Users/thomasadrian/Development/DailyBruin/flamingo/package.json: Unexpected token } in JSON at position 820
      at JSON.parse (<anonymous>)
      at /usr/local/Cellar/yarn/1.13.0/libexec/lib/cli.js:1625:59
      at Generator.next (<anonymous>)
      at step (/usr/local/Cellar/yarn/1.13.0/libexec/lib/cli.js:304:30)
      at /usr/local/Cellar/yarn/1.13.0/libexec/lib/cli.js:315:13

npm manifest: 
  {
    "name": "new-flamingo",
    "version": "1.0.0",
    "main": "index.js",
    "license": "MIT",
    "dependencies": {
      "@dailybruin/lux": "file:.yalc/@dailybruin/lux",
      "@emotion/core": "^10.0.17",
      "@zeit/next-css": "^1.0.1",
      "@zeit/next-typescript": "^1.1.1",
      "express": "^4.16.4",
      "graphql": "^14.2.1",
      "graphql-anywhere": "^4.2.1",
      "graphql-tag": "^2.10.1",
      "isomorphic-unfetch": "^3.0.0",
      "next": "^7.0.2",
      "next-apollo": "^2.0.9",
      "next-images": "^1.1.1",
      "next-plugin-transpile-modules": "^0.1.3",
      "react": "^16.6.3",
      "react-apollo": "^2.5.4",
      "react-dom": "^16.6.3",
      "react-sizeme": "^2.6.7"
    },
    "scripts": {
      "dev": "node server.js",
      "build": "next build",
      "start": "next start"
    },
    "devDependencies": {
      "@types/next": "^7.0.5",
    }
  }

yarn manifest: 
  No manifest

Lockfile: 
  No lockfile
